{"level":"info","message":"server is running on port 3000","timestamp":"2024-01-19 22:09:18"}
{"level":"info","message":"server is running on port 3000","timestamp":"2024-01-19 22:09:36"}
{"level":"info","message":"server is running on port 3000","timestamp":"2024-01-19 23:02:42"}
{"level":"info","message":"MongoDB Connected","timestamp":"2024-01-19 23:02:42"}
{"level":"info","message":"server is running on port 3000","timestamp":"2024-01-19 23:04:21"}
{"info":"Database Connection is established successfully","level":"info","message":"MongoDB Connected","timestamp":"2024-01-19 23:04:21"}
{"level":"info","message":"server is running on port 3000","timestamp":"2024-01-19 23:18:41"}
{"info":"Database Connection is established successfully","level":"info","message":"MongoDB Connected","timestamp":"2024-01-19 23:18:41"}
{"level":"info","message":"server is running on port 3000","timestamp":"2024-01-20 21:41:04"}
{"info":"Database Connection is established successfully","level":"info","message":"MongoDB Connected","timestamp":"2024-01-20 21:41:04"}
{"level":"info","message":"server is running on port 3000","timestamp":"2024-01-20 21:48:03"}
{"info":"Database Connection is established successfully","level":"info","message":"MongoDB Connected","timestamp":"2024-01-20 21:48:03"}
{"level":"info","message":"server is running on port 3000","timestamp":"2024-01-20 21:54:12"}
{"info":"Database Connection is established successfully","level":"info","message":"MongoDB Connected","timestamp":"2024-01-20 21:54:12"}
{"level":"info","message":"server is running on port 3000","timestamp":"2024-01-20 21:55:00"}
{"info":"Database Connection is established successfully","level":"info","message":"MongoDB Connected","timestamp":"2024-01-20 21:55:00"}
{"level":"info","message":"server is running on port 3000","timestamp":"2024-01-20 21:56:16"}
{"info":"Database Connection is established successfully","level":"info","message":"MongoDB Connected","timestamp":"2024-01-20 21:56:16"}
{"level":"info","message":"server is running on port 3000","timestamp":"2024-01-20 21:56:21"}
{"info":"Database Connection is established successfully","level":"info","message":"MongoDB Connected","timestamp":"2024-01-20 21:56:21"}
{"level":"info","message":"User registered successfully","timestamp":"2024-01-20 21:56:25"}
{"level":"info","message":"server is running on port 3000","timestamp":"2024-01-20 22:00:00"}
{"info":"Database Connection is established successfully","level":"info","message":"MongoDB Connected","timestamp":"2024-01-20 22:00:00"}
{"level":"error","message":"Error in User Registration: MongoServerError: E11000 duplicate key error collection: Collab_Tool_Backend.users index: userName_1 dup key: { userName: \"Ashank\" }","timestamp":"2024-01-20 22:00:03"}
{"level":"info","message":"server is running on port 3000","timestamp":"2024-01-20 22:01:50"}
{"info":"Database Connection is established successfully","level":"info","message":"MongoDB Connected","timestamp":"2024-01-20 22:01:50"}
{"0":"Invalid value","level":"error","message":"Validation errors:","timestamp":"2024-01-20 22:01:53"}
{"0":"Invalid value","level":"error","message":"Validation errors:","timestamp":"2024-01-20 22:02:09"}
{"level":"error","message":"Error in User Registration: MongoServerError: E11000 duplicate key error collection: Collab_Tool_Backend.users index: userName_1 dup key: { userName: \"Ashank\" }","timestamp":"2024-01-20 22:02:19"}
{"level":"info","message":"User registered successfully","timestamp":"2024-01-20 22:02:52"}
{"level":"info","message":"server is running on port 3000","timestamp":"2024-01-20 22:30:42"}
{"info":"Database Connection is established successfully","level":"info","message":"MongoDB Connected","timestamp":"2024-01-20 22:30:42"}
{"level":"info","message":"User logged in successfully","timestamp":"2024-01-20 22:31:31"}
{"level":"info","message":"server is running on port 3000","timestamp":"2024-02-07 08:11:53"}
{"info":"Database Connection is established successfully","level":"info","message":"MongoDB Connected","timestamp":"2024-02-07 08:11:53"}
{"level":"info","message":"server is running on port 3000","timestamp":"2024-02-07 08:16:27"}
{"info":"Database Connection is established successfully","level":"info","message":"MongoDB Connected","timestamp":"2024-02-07 08:16:27"}
{"level":"info","message":"server is running on port 3000","timestamp":"2024-02-07 08:17:42"}
{"info":"Database Connection is established successfully","level":"info","message":"MongoDB Connected","timestamp":"2024-02-07 08:17:42"}
{"level":"info","message":"server is running on port 3000","timestamp":"2024-02-07 08:19:05"}
{"info":"Database Connection is established successfully","level":"info","message":"MongoDB Connected","timestamp":"2024-02-07 08:19:05"}
{"level":"info","message":"WebSocket server has been initialized.","timestamp":"2024-02-07 08:22:46"}
{"level":"info","message":"server is running on port 3000","timestamp":"2024-02-07 08:22:46"}
{"info":"Database Connection is established successfully","level":"info","message":"MongoDB Connected","timestamp":"2024-02-07 08:22:46"}
{"level":"info","message":"WebSocket server has been initialized.","timestamp":"2024-02-07 09:09:12"}
{"level":"info","message":"server is running on port 3000","timestamp":"2024-02-07 09:09:12"}
{"info":"Database Connection is established successfully","level":"info","message":"MongoDB Connected","timestamp":"2024-02-07 09:09:12"}
{"level":"info","message":"WebSocket server has been initialized.","timestamp":"2024-02-07 09:15:52"}
{"level":"info","message":"server is running on port 3000","timestamp":"2024-02-07 09:15:52"}
{"info":"Database Connection is established successfully","level":"info","message":"MongoDB Connected","timestamp":"2024-02-07 09:15:52"}
{"level":"info","message":"server is running on port 3000","timestamp":"2024-02-07 09:22:43"}
{"level":"info","message":"server is running on port 3000","timestamp":"2024-02-07 09:26:56"}
{"level":"info","message":"server is running on port 3000","timestamp":"2024-02-07 09:31:25"}
{"level":"info","message":"WebSocket server has been initialized.","timestamp":"2024-02-07 09:32:09"}
{"level":"info","message":"server is running on port 3000","timestamp":"2024-02-07 09:32:09"}
{"info":"Database Connection is established successfully","level":"info","message":"MongoDB Connected","timestamp":"2024-02-07 09:32:09"}
{"level":"info","message":"server is running on port 3000","timestamp":"2024-02-07 09:34:27"}
{"level":"info","message":"WebSocket server has been initialized.","timestamp":"2024-02-07 09:41:08"}
{"level":"info","message":"server is running on port 3000","timestamp":"2024-02-07 09:41:08"}
{"info":"Database Connection is established successfully","level":"info","message":"MongoDB Connected","timestamp":"2024-02-07 09:41:08"}
{"_message":"Chat validation failed","errors":{"receiver":{"kind":"ObjectId","message":"Cast to ObjectId failed for value \"AASdd\" (type string) at path \"receiver\" because of \"BSONError\"","name":"CastError","path":"receiver","reason":{},"stringValue":"\"AASdd\"","value":"AASdd","valueType":"string"},"sender":{"kind":"ObjectId","message":"Cast to ObjectId failed for value \"Ashank\" (type string) at path \"sender\" because of \"BSONError\"","name":"CastError","path":"sender","reason":{},"stringValue":"\"Ashank\"","value":"Ashank","valueType":"string"}},"level":"error","message":"Unhandled Rejection: Chat validation failed: sender: Cast to ObjectId failed for value \"Ashank\" (type string) at path \"sender\" because of \"BSONError\", receiver: Cast to ObjectId failed for value \"AASdd\" (type string) at path \"receiver\" because of \"BSONError\"","stack":"ValidationError: Chat validation failed: sender: Cast to ObjectId failed for value \"Ashank\" (type string) at path \"sender\" because of \"BSONError\", receiver: Cast to ObjectId failed for value \"AASdd\" (type string) at path \"receiver\" because of \"BSONError\"\n    at Document.invalidate (/Users/kumardivyashankgaurav/Real-Time-Collab Tool/node_modules/mongoose/lib/document.js:3201:32)\n    at model.$set (/Users/kumardivyashankgaurav/Real-Time-Collab Tool/node_modules/mongoose/lib/document.js:1460:12)\n    at model.$set (/Users/kumardivyashankgaurav/Real-Time-Collab Tool/node_modules/mongoose/lib/document.js:1115:16)\n    at model.Document (/Users/kumardivyashankgaurav/Real-Time-Collab Tool/node_modules/mongoose/lib/document.js:166:12)\n    at model.Model (/Users/kumardivyashankgaurav/Real-Time-Collab Tool/node_modules/mongoose/lib/model.js:125:12)\n    at new model (/Users/kumardivyashankgaurav/Real-Time-Collab Tool/node_modules/mongoose/lib/model.js:4691:15)\n    at /Users/kumardivyashankgaurav/Real-Time-Collab Tool/node_modules/mongoose/lib/model.js:2896:20\n    at Array.map (<anonymous>)\n    at Function.create (/Users/kumardivyashankgaurav/Real-Time-Collab Tool/node_modules/mongoose/lib/model.js:2884:34)\n    at /Users/kumardivyashankgaurav/Real-Time-Collab Tool/dist/services/messageService.js:18:33","timestamp":"2024-02-07 09:41:12"}
{"_message":"Chat validation failed","errors":{"receiver":{"kind":"ObjectId","message":"Cast to ObjectId failed for value \"AASdd\" (type string) at path \"receiver\" because of \"BSONError\"","name":"CastError","path":"receiver","reason":{},"stringValue":"\"AASdd\"","value":"AASdd","valueType":"string"},"sender":{"kind":"ObjectId","message":"Cast to ObjectId failed for value \"Ashank\" (type string) at path \"sender\" because of \"BSONError\"","name":"CastError","path":"sender","reason":{},"stringValue":"\"Ashank\"","value":"Ashank","valueType":"string"}},"level":"error","message":"Unhandled Rejection: Chat validation failed: sender: Cast to ObjectId failed for value \"Ashank\" (type string) at path \"sender\" because of \"BSONError\", receiver: Cast to ObjectId failed for value \"AASdd\" (type string) at path \"receiver\" because of \"BSONError\"","stack":"ValidationError: Chat validation failed: sender: Cast to ObjectId failed for value \"Ashank\" (type string) at path \"sender\" because of \"BSONError\", receiver: Cast to ObjectId failed for value \"AASdd\" (type string) at path \"receiver\" because of \"BSONError\"\n    at Document.invalidate (/Users/kumardivyashankgaurav/Real-Time-Collab Tool/node_modules/mongoose/lib/document.js:3201:32)\n    at model.$set (/Users/kumardivyashankgaurav/Real-Time-Collab Tool/node_modules/mongoose/lib/document.js:1460:12)\n    at model.$set (/Users/kumardivyashankgaurav/Real-Time-Collab Tool/node_modules/mongoose/lib/document.js:1115:16)\n    at model.Document (/Users/kumardivyashankgaurav/Real-Time-Collab Tool/node_modules/mongoose/lib/document.js:166:12)\n    at model.Model (/Users/kumardivyashankgaurav/Real-Time-Collab Tool/node_modules/mongoose/lib/model.js:125:12)\n    at new model (/Users/kumardivyashankgaurav/Real-Time-Collab Tool/node_modules/mongoose/lib/model.js:4691:15)\n    at /Users/kumardivyashankgaurav/Real-Time-Collab Tool/node_modules/mongoose/lib/model.js:2896:20\n    at Array.map (<anonymous>)\n    at Function.create (/Users/kumardivyashankgaurav/Real-Time-Collab Tool/node_modules/mongoose/lib/model.js:2884:34)\n    at /Users/kumardivyashankgaurav/Real-Time-Collab Tool/dist/services/messageService.js:18:33","timestamp":"2024-02-07 09:45:44"}
{"level":"info","message":"WebSocket server has been initialized.","timestamp":"2024-02-07 09:45:56"}
{"level":"info","message":"server is running on port 3000","timestamp":"2024-02-07 09:45:56"}
{"info":"Database Connection is established successfully","level":"info","message":"MongoDB Connected","timestamp":"2024-02-07 09:45:56"}
{"level":"error","message":"Error creating chat message: ValidationError: sender: Cast to ObjectId failed for value \"Ashank\" (type string) at path \"sender\" because of \"BSONError\", receiver: Cast to ObjectId failed for value \"AASdd\" (type string) at path \"receiver\" because of \"BSONError\"","timestamp":"2024-02-07 09:45:59"}
{"level":"info","message":"WebSocket server has been initialized.","timestamp":"2024-02-07 09:48:24"}
{"level":"info","message":"server is running on port 3000","timestamp":"2024-02-07 09:48:24"}
{"info":"Database Connection is established successfully","level":"info","message":"MongoDB Connected","timestamp":"2024-02-07 09:48:24"}
{"level":"info","message":"WebSocket server has been initialized.","timestamp":"2024-02-07 09:50:35"}
{"level":"info","message":"server is running on port 3000","timestamp":"2024-02-07 09:50:35"}
{"info":"Database Connection is established successfully","level":"info","message":"MongoDB Connected","timestamp":"2024-02-07 09:50:36"}
{"level":"error","message":{"error":"Invalid senderId or receiverId"},"timestamp":"2024-02-07 09:50:36"}
{"level":"info","message":"WebSocket server has been initialized.","timestamp":"2024-02-07 09:51:22"}
{"level":"info","message":"server is running on port 3000","timestamp":"2024-02-07 09:51:22"}
{"info":"Database Connection is established successfully","level":"info","message":"MongoDB Connected","timestamp":"2024-02-07 09:51:22"}
{"level":"error","message":"Invalid senderId or receiverId","timestamp":"2024-02-07 09:51:24"}
{"level":"info","message":"WebSocket server has been initialized.","timestamp":"2024-02-07 10:02:41"}
{"level":"info","message":"server is running on port 3000","timestamp":"2024-02-07 10:02:41"}
{"info":"Database Connection is established successfully","level":"info","message":"MongoDB Connected","timestamp":"2024-02-07 10:02:41"}
{"level":"info","message":"WebSocket server has been initialized.","timestamp":"2024-02-07 10:03:21"}
{"level":"info","message":"server is running on port 3000","timestamp":"2024-02-07 10:03:21"}
{"info":"Database Connection is established successfully","level":"info","message":"MongoDB Connected","timestamp":"2024-02-07 10:03:21"}
{"level":"info","message":"WebSocket server has been initialized.","timestamp":"2024-02-07 10:05:48"}
{"level":"info","message":"server is running on port 3000","timestamp":"2024-02-07 10:05:48"}
{"info":"Database Connection is established successfully","level":"info","message":"MongoDB Connected","timestamp":"2024-02-07 10:05:48"}
{"level":"info","message":"WebSocket server has been initialized.","timestamp":"2024-02-07 10:08:50"}
{"level":"info","message":"server is running on port 3000","timestamp":"2024-02-07 10:08:50"}
{"info":"Database Connection is established successfully","level":"info","message":"MongoDB Connected","timestamp":"2024-02-07 10:08:50"}
{"level":"info","message":"WebSocket server has been initialized.","timestamp":"2024-02-07 10:09:11"}
{"level":"info","message":"server is running on port 3000","timestamp":"2024-02-07 10:09:11"}
{"info":"Database Connection is established successfully","level":"info","message":"MongoDB Connected","timestamp":"2024-02-07 10:09:11"}
{"level":"info","message":"WebSocket server has been initialized.","timestamp":"2024-02-07 10:18:00"}
{"level":"info","message":"server is running on port 3000","timestamp":"2024-02-07 10:18:00"}
{"info":"Database Connection is established successfully","level":"info","message":"MongoDB Connected","timestamp":"2024-02-07 10:18:00"}
{"level":"info","message":"WebSocket server has been initialized.","timestamp":"2024-02-07 10:18:24"}
{"level":"info","message":"server is running on port 3000","timestamp":"2024-02-07 10:18:24"}
{"info":"Database Connection is established successfully","level":"info","message":"MongoDB Connected","timestamp":"2024-02-07 10:18:24"}
{"level":"info","message":"WebSocket server has been initialized.","timestamp":"2024-02-07 10:18:26"}
{"level":"info","message":"server is running on port 3000","timestamp":"2024-02-07 10:18:26"}
{"info":"Database Connection is established successfully","level":"info","message":"MongoDB Connected","timestamp":"2024-02-07 10:18:26"}
{"level":"info","message":"WebSocket server has been initialized.","timestamp":"2024-02-07 10:24:03"}
{"level":"info","message":"server is running on port 3000","timestamp":"2024-02-07 10:24:03"}
{"info":"Database Connection is established successfully","level":"info","message":"MongoDB Connected","timestamp":"2024-02-07 10:24:03"}
{"level":"error","message":"No token provided","timestamp":"2024-02-07 10:24:14"}
{"level":"info","message":"User logged in successfully","timestamp":"2024-02-07 10:24:18"}
{"level":"info","message":"WebSocket server has been initialized.","timestamp":"2024-02-07 10:35:14"}
{"level":"info","message":"server is running on port 3000","timestamp":"2024-02-07 10:35:14"}
{"info":"Database Connection is established successfully","level":"info","message":"MongoDB Connected","timestamp":"2024-02-07 10:35:14"}
{"level":"info","message":"WebSocket server has been initialized.","timestamp":"2024-02-07 10:35:24"}
{"level":"info","message":"server is running on port 3000","timestamp":"2024-02-07 10:35:24"}
{"info":"Database Connection is established successfully","level":"info","message":"MongoDB Connected","timestamp":"2024-02-07 10:35:24"}
{"level":"info","message":"WebSocket server has been initialized.","timestamp":"2024-02-07 10:35:26"}
{"level":"info","message":"server is running on port 3000","timestamp":"2024-02-07 10:35:26"}
{"info":"Database Connection is established successfully","level":"info","message":"MongoDB Connected","timestamp":"2024-02-07 10:35:26"}
{"level":"info","message":"A new client connected.","timestamp":"2024-02-07 11:11:14"}
{"level":"info","message":"A new client connected.","timestamp":"2024-02-07 11:11:47"}
{"level":"info","message":"A new client connected.","timestamp":"2024-02-07 11:14:47"}
{"level":"info","message":"WebSocket server has been initialized.","timestamp":"2024-02-07 11:17:37"}
{"level":"info","message":"server is running on port 3000","timestamp":"2024-02-07 11:17:37"}
{"info":"Database Connection is established successfully","level":"info","message":"MongoDB Connected","timestamp":"2024-02-07 11:17:37"}
{"level":"info","message":"WebSocket server has been initialized.","timestamp":"2024-02-07 11:19:00"}
{"level":"info","message":"server is running on port 3000","timestamp":"2024-02-07 11:19:00"}
{"info":"Database Connection is established successfully","level":"info","message":"MongoDB Connected","timestamp":"2024-02-07 11:19:00"}
{"level":"info","message":"A new client connected.","timestamp":"2024-02-07 11:19:16"}
{"level":"info","message":"A new client connected.","timestamp":"2024-02-07 11:19:24"}
{"level":"error","message":"Error processing chat message: SyntaxError: Unexpected token 'H', \"Hello Ashank\" is not valid JSON","timestamp":"2024-02-07 11:19:30"}
{"level":"error","message":"Error processing chat message: SyntaxError: Unexpected token 'H', \"Hello mAn\" is not valid JSON","timestamp":"2024-02-07 11:19:46"}
{"level":"info","message":"WebSocket server has been initialized.","timestamp":"2024-02-07 11:22:06"}
{"level":"info","message":"server is running on port 3000","timestamp":"2024-02-07 11:22:06"}
{"info":"Database Connection is established successfully","level":"info","message":"MongoDB Connected","timestamp":"2024-02-07 11:22:06"}
{"level":"info","message":"A new client connected.","timestamp":"2024-02-07 11:22:12"}
{"level":"info","message":"A new client connected.","timestamp":"2024-02-07 11:22:16"}
{"level":"error","message":"Error processing chat message: SyntaxError: Unexpected token 'H', \"Hello Man\" is not valid JSON","timestamp":"2024-02-07 11:22:19"}
{"level":"info","message":"WebSocket server has been initialized.","timestamp":"2024-02-07 11:22:51"}
{"level":"info","message":"server is running on port 3000","timestamp":"2024-02-07 11:22:51"}
{"info":"Database Connection is established successfully","level":"info","message":"MongoDB Connected","timestamp":"2024-02-07 11:22:51"}
{"level":"info","message":"WebSocket server has been initialized.","timestamp":"2024-02-07 11:29:46"}
{"level":"info","message":"server is running on port 3000","timestamp":"2024-02-07 11:29:46"}
{"info":"Database Connection is established successfully","level":"info","message":"MongoDB Connected","timestamp":"2024-02-07 11:29:46"}
{"level":"info","message":"WebSocket server has been initialized.","timestamp":"2024-02-07 11:29:58"}
{"level":"info","message":"server is running on port 3000","timestamp":"2024-02-07 11:29:58"}
{"info":"Database Connection is established successfully","level":"info","message":"MongoDB Connected","timestamp":"2024-02-07 11:29:58"}
{"level":"info","message":"WebSocket server has been initialized.","timestamp":"2024-02-07 11:30:30"}
{"level":"info","message":"server is running on port 3000","timestamp":"2024-02-07 11:30:30"}
{"info":"Database Connection is established successfully","level":"info","message":"MongoDB Connected","timestamp":"2024-02-07 11:30:30"}
{"level":"info","message":"WebSocket server has been initialized.","timestamp":"2024-02-07 11:33:44"}
{"level":"info","message":"server is running on port 3000","timestamp":"2024-02-07 11:33:44"}
{"info":"Database Connection is established successfully","level":"info","message":"MongoDB Connected","timestamp":"2024-02-07 11:33:44"}
{"level":"info","message":"A new client connected.","timestamp":"2024-02-07 11:33:52"}
{"level":"info","message":"A new client connected.","timestamp":"2024-02-07 11:34:02"}
{"level":"error","message":"Error processing chat message: ValidationError: message: Path `message` is required.","timestamp":"2024-02-07 11:34:06"}
{"level":"error","message":"Error processing chat message: SyntaxError: Expected ',' or '}' after property value in JSON at position 106 (line 1 column 107)","timestamp":"2024-02-07 11:38:13"}
{"level":"error","message":"Error processing chat message: ValidationError: message: Path `message` is required.","timestamp":"2024-02-07 11:39:18"}
{"level":"info","message":"Client has disconnected.","timestamp":"2024-02-07 11:40:12"}
{"level":"info","message":"Client has disconnected.","timestamp":"2024-02-07 11:40:15"}
{"level":"info","message":"WebSocket server has been initialized.","timestamp":"2024-02-07 12:19:34"}
{"level":"info","message":"server is running on port 3000","timestamp":"2024-02-07 12:19:34"}
{"info":"Database Connection is established successfully","level":"info","message":"MongoDB Connected","timestamp":"2024-02-07 12:19:34"}
{"level":"info","message":"A new client connected.","timestamp":"2024-02-07 12:20:58"}
{"level":"info","message":"A new client connected.","timestamp":"2024-02-07 12:21:05"}
{"level":"error","message":"Error creating chat message: TypeError: Cannot destructure property 'message' of 'req.body' as it is undefined.","timestamp":"2024-02-07 12:21:17"}
{"level":"error","message":"Error processing chat message: TypeError: res.status is not a function","timestamp":"2024-02-07 12:21:17"}
{"level":"info","message":"WebSocket server has been initialized.","timestamp":"2024-02-07 12:23:11"}
{"level":"info","message":"server is running on port 3000","timestamp":"2024-02-07 12:23:11"}
{"info":"Database Connection is established successfully","level":"info","message":"MongoDB Connected","timestamp":"2024-02-07 12:23:11"}
